[Appium] Welcome to Appium v1.8.1
[Appium] Non-default server args:
[Appium]   port: 65114
[Appium]   loglevel: info
[Appium]   chromeDriverPort: 65115
[Appium]   tmpDir: /var/folders/pl/9_m5n7yn7dz_my_kvj9pdnhh0000gn/T//Katalon/Appium/Temp1538580199516
[Appium] Appium REST http interface listener started on 0.0.0.0:65114
[HTTP] --> GET /wd/hub/status
[HTTP] {}
[HTTP] <-- GET /wd/hub/status 200 33 ms - 83
[HTTP] 
[HTTP] --> GET /wd/hub/status
[HTTP] {}
[HTTP] <-- GET /wd/hub/status 200 21 ms - 83
[HTTP] 
[HTTP] --> POST /wd/hub/session
[HTTP] {"desiredCapabilities":{"app":"/Users/admin/Downloads/application-dev-debug.apk","appWaitActivity":"*","autoGrantPermissions":true,"automationName":"uiautomator2","deviceId":"FA6B30300631","deviceName":"Google Pixel (Android 9)","fullReset":false,"newCommandTimeout":1800,"noReset":true,"platform":"ANDROID","platformName":"Android","udid":"FA6B30300631"},"capabilities":{"desiredCapabilities":{"app":"/Users/admin/Downloads/application-dev-debug.apk","appWaitActivity":"*","autoGrantPermissions":true,"automationName":"uiautomator2","deviceId":"FA6B30300631","deviceName":"Google Pixel (Android 9)","fullReset":false,"newCommandTimeout":1800,"noReset":true,"platform":"ANDROID","platformName":"Android","udid":"FA6B30300631"},"firstMatch":[{"platformName":"android"}]}}
[Appium] Could not parse W3C capabilities: 'deviceName' can't be blank. Falling back to JSONWP protocol.
[Appium] The following capabilities were provided in the JSONWP desired capabilities that are missing in W3C capabilities: ["app","appWaitActivity","autoGrantPermissions","automationName","deviceId","deviceName","fullReset","newCommandTimeout","noReset","platform","platformName","udid"]. Falling back to JSONWP protocol.
[Appium] Creating new AndroidUiautomator2Driver (v1.12.0) session
[Appium] Capabilities:
[Appium]   app: /Users/admin/Downloads/application-dev-debug.apk
[Appium]   appWaitActivity: *
[Appium]   autoGrantPermissions: true
[Appium]   automationName: uiautomator2
[Appium]   deviceId: FA6B30300631
[Appium]   deviceName: Google Pixel (Android 9)
[Appium]   fullReset: false
[Appium]   newCommandTimeout: 1800
[Appium]   noReset: true
[Appium]   platform: ANDROID
[Appium]   platformName: Android
[Appium]   udid: FA6B30300631
[BaseDriver] The following capabilities were provided, but are not recognized by appium: deviceId, platform.
[BaseDriver] Session created with session id: 57e5f07a-9b43-4ac9-adb0-04eb37789f9a
[BaseDriver] Using local app '/Users/admin/Downloads/application-dev-debug.apk'
[AndroidDriver] Java version is: 1.8.0_181
[ADB] Checking whether adb is present
[ADB] Found 1 'build-tools' folders under '/Users/admin/.katalon/tools/android_sdk' (newest first):
[ADB]     /Users/admin/.katalon/tools/android_sdk/build-tools/28.0.3
[ADB] Using adb from /Users/admin/.katalon/tools/android_sdk/platform-tools/adb
[AndroidDriver] Retrieving device list
[AndroidDriver] Using device: FA6B30300631
[ADB] Using the alternative activity name detection method because of: Could not find apkanalyzer in /Users/admin/.katalon/tools/android_sdk/platform-tools/apkanalyzer,/Users/admin/.katalon/tools/android_sdk/emulator/apkanalyzer,/Users/admin/.katalon/tools/android_sdk/tools/apkanalyzer,/Users/admin/.katalon/tools/android_sdk/tools/bin/apkanalyzer,/Users/admin/.katalon/tools/android_sdk/build-tools/28.0.3/apkanalyzer. Do you have the Android SDK installed at '/Users/admin/.katalon/tools/android_sdk'?
[ADB] Checking whether aapt is present
[ADB] Using aapt from /Users/admin/.katalon/tools/android_sdk/build-tools/28.0.3/aapt
[ADB] Extracting package and launch activity from manifest
[ADB] Package name: 'com.bookmate.debug'
[ADB] Main activity name: 'com.bookmate.app.LaunchActivity'
[ADB] Getting device platform version
[ADB] Using apksigner from /Users/admin/.katalon/tools/android_sdk/build-tools/28.0.3/apksigner
[ADB] Cannot read version codes of '/usr/local/lib/node_modules/appium/node_modules/appium-uiautomator2-server/apks/appium-uiautomator2-server-debug-androidTest.apk' and/or 'io.appium.uiautomator2.server.test'
[ADB] Cannot read version names of '/usr/local/lib/node_modules/appium/node_modules/appium-uiautomator2-server/apks/appium-uiautomator2-server-debug-androidTest.apk' and/or 'io.appium.uiautomator2.server.test'. Assuming correct app version is already installed
[AndroidDriver] setDeviceLanguageCountry requires language or country.
[AndroidDriver] Got language: 'null' and country: 'null'
[ADB] Successfully extracted 1112 strings from '/Users/admin/Downloads/application-dev-debug.apk' resources for '(default)' configuration
[UiAutomator2] Starting uiautomator2 server 1.12.0
[UiAutomator2] Using UIAutomator2 server from '/usr/local/lib/node_modules/appium/node_modules/appium-uiautomator2-server/apks/appium-uiautomator2-server-v1.12.0.apk' and test from '/usr/local/lib/node_modules/appium/node_modules/appium-uiautomator2-server/apks/appium-uiautomator2-server-debug-androidTest.apk'
[UiAutomator2] Running command: 'adb -s FA6B30300631 shell am instrument -w io.appium.uiautomator2.server.test/android.support.test.runner.AndroidJUnitRunner'
[UiAutomator2] Waiting up to 20000ms for UiAutomator2 to be online...
[AndroidDriver] Screen already unlocked, doing nothing
[UiAutomator2] UiAutomator2 did not start the activity we were waiting for, 'com.bookmate.debug/*'. Starting it ourselves
[Appium] New AndroidUiautomator2Driver session created successfully, session 57e5f07a-9b43-4ac9-adb0-04eb37789f9a added to master session list
[HTTP] <-- POST /wd/hub/session 200 27520 ms - 1223
[HTTP] 
[HTTP] --> GET /wd/hub/status
[HTTP] {}
[HTTP] <-- GET /wd/hub/status 200 34 ms - 55
[HTTP] 
[HTTP] --> POST /wd/hub/session/57e5f07a-9b43-4ac9-adb0-04eb37789f9a/timeouts
[HTTP] {"type":"implicit","ms":60000}
[HTTP] <-- POST /wd/hub/session/57e5f07a-9b43-4ac9-adb0-04eb37789f9a/timeouts 400 31 ms - 4300
[HTTP] 
[HTTP] --> GET /wd/hub/session/57e5f07a-9b43-4ac9-adb0-04eb37789f9a/source
[HTTP] {}
[W3C] Driver proxy active, passing request on via HTTP proxy
[JSONWP Proxy] Replacing sessionId 3dcbffca-712b-4755-8bd4-f93c7169d015 with 57e5f07a-9b43-4ac9-adb0-04eb37789f9a
[HTTP] <-- GET /wd/hub/session/57e5f07a-9b43-4ac9-adb0-04eb37789f9a/source 200 693 ms - 11891
[HTTP] 
[HTTP] --> GET /wd/hub/session/57e5f07a-9b43-4ac9-adb0-04eb37789f9a/screenshot
[HTTP] {}
[HTTP] <-- GET /wd/hub/session/57e5f07a-9b43-4ac9-adb0-04eb37789f9a/screenshot 200 1235 ms - 1171244
[HTTP] 
[HTTP] --> GET /wd/hub/session/57e5f07a-9b43-4ac9-adb0-04eb37789f9a/source
[HTTP] {}
[W3C] Driver proxy active, passing request on via HTTP proxy
[JSONWP Proxy] Replacing sessionId 3dcbffca-712b-4755-8bd4-f93c7169d015 with 57e5f07a-9b43-4ac9-adb0-04eb37789f9a
[HTTP] <-- GET /wd/hub/session/57e5f07a-9b43-4ac9-adb0-04eb37789f9a/source 200 274 ms - 9753
[HTTP] 
[HTTP] --> GET /wd/hub/session/57e5f07a-9b43-4ac9-adb0-04eb37789f9a/screenshot
[HTTP] {}
[HTTP] <-- GET /wd/hub/session/57e5f07a-9b43-4ac9-adb0-04eb37789f9a/screenshot 200 285 ms - 162824
[HTTP] 
[HTTP] --> DELETE /wd/hub/session/57e5f07a-9b43-4ac9-adb0-04eb37789f9a
[HTTP] {}
[Appium] Removing session 57e5f07a-9b43-4ac9-adb0-04eb37789f9a from our master session list
[HTTP] <-- DELETE /wd/hub/session/57e5f07a-9b43-4ac9-adb0-04eb37789f9a 200 313 ms - 76
[HTTP] 
